########### array before sorts ###########
0	0.000000	0.000000	101.580000	0.000000	n
1	101.580000	0.000000	101.580000	53.390403	n
2	101.580000	53.390403	0.031022	53.335438	n
3	0.031022	53.335438	0.000000	0.000000	n
Tolerance=0.050000.
*Exact match for i=0 and j=1.
*i point 0.000000	0.000000	101.580000	0.000000	y
*Exact match for i=1 and j=2.
*i point 101.580000	0.000000	101.580000	53.390403	y
*Exact match for i=2 and j=3.
*i point 101.580000	53.390403	0.031022	53.335438	y
########### array after sorts ###########
0	0.000000	0.000000	101.580000	0.000000	y
1	101.580000	0.000000	101.580000	53.390403	y
2	101.580000	53.390403	0.031022	53.335438	y
3	0.031022	53.335438	0.000000	0.000000	y
***************
.BOARD_OUTLINE UNOWNED
1.6
0     0.000000     0.000000     0
0     101.580000     0.000000     0
0     101.580000     53.390403     0
0     0.031022     53.335438     0
0     0.000000     0.000000     0
